2025-09-16T03:54:27.136Z [eventservice] error: Unexpected token '}', ..."  "otp":
}" is not valid JSON
2025-09-16T04:02:18.628Z [eventservice] error: Bunday emaillik User mavjud
2025-09-16T04:04:19.186Z [eventservice] error: res is not defined
2025-09-16T04:04:28.416Z [eventservice] error: res is not defined
2025-09-16T04:05:27.787Z [eventservice] error: otp notog'ri
2025-09-16T04:06:09.945Z [eventservice] error: otp notog'ri
2025-09-16T04:54:12.951Z [eventservice] error: otp notog'ri
2025-09-16T04:55:02.881Z [eventservice] error: otp notog'ri
2025-09-16T04:55:43.367Z [eventservice] error: otp notog'ri
2025-09-16T05:01:16.131Z [eventservice] error: неверный синтаксис для типа integer: "login"
2025-09-16T05:01:48.314Z [eventservice] error: неверный синтаксис для типа integer: "Alogin"
2025-09-16T05:04:50.606Z [eventservice] error: Cannot destructure property 'refreshToken' of 'req.cookies' as it is undefined.
2025-09-16T05:05:46.310Z [eventservice] error: Cannot destructure property 'refreshToken' of 'req.cookie' as it is undefined.
2025-09-16T05:06:14.909Z [eventservice] error: Cannot destructure property 'refreshToken' of 'req.cookies' as it is undefined.
2025-09-16T05:38:49.104Z [eventservice] error: Auth header not found
2025-09-16T05:39:12.563Z [eventservice] error: Auth header not found
2025-09-16T06:07:38.351Z [eventservice] error: Cannot destructure property 'email' of 'req.body' as it is undefined.
2025-09-16T06:08:37.010Z [eventservice] error: Auth header not found
2025-09-16T09:44:51.674Z [eventservice] error: Faqat shaxsiy malumotlarni korish mumkun
2025-09-16T09:46:05.427Z [eventservice] error: Faqat shaxsiy malumotlarni korish mumkun
2025-09-16T09:47:03.961Z [eventservice] error: WHERE parameter "role" has invalid "undefined" value
2025-09-16T09:51:28.935Z [eventservice] error: Bunday emaillik Worker mavjud
2025-09-16T09:52:28.846Z [eventservice] error: Faqat shaxsiy malumotlarni korish mumkun
2025-09-16T10:09:25.910Z [eventservice] error: Bu user company yarata olmaydi
2025-09-16T10:09:25.915Z [eventservice] error: Cannot read properties of undefined (reading 'status')
2025-09-16T10:12:45.423Z [eventservice] error: Auth header not found
2025-09-16T10:15:20.134Z [eventservice] error: Bu user company yarata olmaydi
2025-09-16T10:15:20.136Z [eventservice] error: Cannot read properties of undefined (reading 'status')
2025-09-16T10:15:38.484Z [eventservice] error: Bu user company yarata olmaydi
2025-09-16T10:15:38.486Z [eventservice] error: Cannot read properties of undefined (reading 'status')
2025-09-16T11:02:28.248Z [eventservice] error: company is associated to company_service using an alias. You've included an alias (worker), but it does not match the alias(es) defined in your association (copmany).
2025-09-16T11:06:19.723Z [eventservice] error: allUsers is not defined
2025-09-16T11:18:45.029Z [eventservice] error: start_time.getTime is not a function
2025-09-16T11:21:22.238Z [eventservice] error: duration is not defined
2025-09-16T11:37:49.596Z [eventservice] error: worker is associated to contracts using an alias. You must use the 'as' keyword to specify the alias within your include statement.
2025-09-16T11:38:32.907Z [eventservice] error: worker is associated to contracts using an alias. You must use the 'as' keyword to specify the alias within your include statement.
2025-09-16T11:39:10.555Z [eventservice] error: worker is associated to contracts using an alias. You must use the 'as' keyword to specify the alias within your include statement.
2025-09-16T11:40:40.831Z [eventservice] error: company is associated to contracts using an alias. You've included an alias (company), but it does not match the alias(es) defined in your association (copmany).
2025-09-16T11:46:57.928Z [eventservice] error: Hali Company_workTime mavjud emas
2025-09-16T11:47:44.231Z [eventservice] error: столбец companyWorkTime.start_time не существует
2025-09-16T11:59:14.005Z [eventservice] error: Worker is not defined
2025-09-16T11:59:46.138Z [eventservice] error: worker is associated to contracts using an alias. You must use the 'as' keyword to specify the alias within your include statement.
2025-09-16T12:00:19.947Z [eventservice] error: company is associated to contracts using an alias. You've included an alias (company), but it does not match the alias(es) defined in your association (copmany).
2025-09-16T12:01:05.065Z [eventservice] error: Bu vaqt orasida contractlar yo'q
2025-09-16T12:01:21.098Z [eventservice] error: Bu vaqt orasida contractlar yo'q
2025-09-16T12:03:42.380Z [eventservice] error: Cannot destructure property 'start_time' of 'req.body' as it is undefined.
2025-09-16T12:03:53.639Z [eventservice] error: user is associated to contracts using an alias. You must use the 'as' keyword to specify the alias within your include statement.
2025-09-16T12:05:22.771Z [eventservice] error: Bu vaqt orasida contractlar yo'q
2025-09-16T12:06:23.437Z [eventservice] error: worker is associated to contracts using an alias. You must use the 'as' keyword to specify the alias within your include statement.
2025-09-16T12:06:45.186Z [eventservice] error: length is not defined
2025-09-16T12:08:53.843Z [eventservice] error: WHERE parameter "role" has invalid "undefined" value
2025-09-16T12:10:16.674Z [eventservice] error: WHERE parameter "role" has invalid "undefined" value
2025-09-16T12:10:19.308Z [eventservice] error: WHERE parameter "role" has invalid "undefined" value
2025-09-16T12:10:38.301Z [eventservice] error: WHERE parameter "role" has invalid "undefined" value
2025-09-16T12:10:58.001Z [eventservice] error: contracts is associated to payments using an alias. You must use the 'as' keyword to specify the alias within your include statement.
2025-09-16T12:11:41.089Z [eventservice] error: contracts is associated to payments using an alias. You've included an alias (contracts), but it does not match the alias(es) defined in your association (cotracts).
2025-09-16T12:19:39.383Z [eventservice] error: Auth header not found
2025-09-16T12:22:24.295Z [eventservice] error: otp notog'ri
2025-09-16T12:24:09.765Z [eventservice] error: otp notog'ri
2025-09-16T12:34:24.154Z [eventservice] error: Cookieda refresh token topilmadi
2025-09-16T12:41:56.307Z [eventservice] error: Workernin ish vaqti bor
